<?xml version="1.0" encoding="UTF-8"?>
<testsuite xmlns:xsi="http://www.w3.org/2001/XMLSchema-instance" xsi:noNamespaceSchemaLocation="https://maven.apache.org/surefire/maven-surefire-plugin/xsd/surefire-test-report.xsd" name="org.binaracademy.challenge.service.impl.UserServiceImplTest" time="0.061" tests="2" errors="0" skipped="0" failures="0">
  <properties>
[...]
</properties>
  <testcase name="update" classname="org.binaracademy.challenge.service.impl.UserServiceImplTest" time="0.053"/>
  <testcase name="save" classname="org.binaracademy.challenge.service.impl.UserServiceImplTest" time="0.003"/>
</testsuite>